<?xml version="1.0" encoding="UTF-8"?>
<!-- Generated by org.testng.reporters.JUnitReportReporter -->
<testsuite hostname="DESKTOP-R2SDR03" failures="0" tests="4" name="Cucumber.TestNGTestRunner" time="20.931" errors="0" timestamp="2024-09-10T02:32:13 IST" skipped="0">
  <testcase classname="Cucumber.TestNGTestRunner" name="runScenario" time="2.120"/>
  <system-out/>
  <testcase classname="Cucumber.TestNGTestRunner" name="runScenario" time="3.357"/>
  <system-out/>
  <testcase classname="Cucumber.TestNGTestRunner" name="runScenario" time="6.981"/>
  <system-out/>
  <testcase classname="Cucumber.TestNGTestRunner" name="runScenario" time="8.473"/>
  <system-out/>
</testsuite> <!-- Cucumber.TestNGTestRunner -->
