<?xml version="1.0" encoding="UTF-8"?>
<!-- Generated by org.testng.reporters.JUnitReportReporter -->
<testsuite hostname="DESKTOP-R2SDR03" failures="0" tests="3" name="rahulshettyacademy.tests.StandAloneTest" time="23.953" errors="0" timestamp="2024-09-09T22:37:49 IST" skipped="0">
  <testcase classname="rahulshettyacademy.tests.StandAloneTest" name="productPurchaseTest" time="10.345"/>
  <system-out/>
  <testcase classname="rahulshettyacademy.tests.StandAloneTest" name="productPurchaseTest" time="10.142"/>
  <system-out/>
  <testcase classname="rahulshettyacademy.tests.StandAloneTest" name="OrderHistoryTest" time="3.466"/>
  <system-out/>
</testsuite> <!-- rahulshettyacademy.tests.StandAloneTest -->
