<?xml version="1.0" encoding="UTF-8"?>
<!-- Generated by org.testng.reporters.JUnitReportReporter -->
<testsuite hostname="DESKTOP-R2SDR03" failures="0" tests="2" name="rahulshettyacademy.tests.ErrorValidations" time="10.530" errors="0" timestamp="2024-09-09T22:29:57 IST" skipped="0">
  <testcase classname="rahulshettyacademy.tests.ErrorValidations" name="loginErrorTest" time="4.180"/>
  <system-out/>
  <testcase classname="rahulshettyacademy.tests.ErrorValidations" name="productErrorTest" time="6.350"/>
  <system-out/>
</testsuite> <!-- rahulshettyacademy.tests.ErrorValidations -->
