<?xml version="1.0" encoding="UTF-8"?>
<!-- Generated by org.testng.reporters.JUnitReportReporter -->
<testsuite hostname="DESKTOP-R2SDR03" failures="0" tests="2" name="rahulshettyacademy.tests.ErrorValidations" time="34.428" errors="0" timestamp="2024-09-09T22:59:08 IST" skipped="0">
  <testcase classname="rahulshettyacademy.tests.ErrorValidations" name="loginErrorTest" time="5.863"/>
  <testcase classname="rahulshettyacademy.tests.ErrorValidations" name="productErrorTest" time="28.565"/>
</testsuite> <!-- rahulshettyacademy.tests.ErrorValidations -->
